{"C:\\Users\\yosse\\Dropbox\\PC\\Desktop\\PROGRAMACIO\\PROGRAMES\\PROJECTE7.5\\class.js": {"path":"C:\\Users\\yosse\\Dropbox\\PC\\Desktop\\PROGRAMACIO\\PROGRAMES\\PROJECTE7.5\\class.js","statementMap":{"0":{"start":{"line":7,"column":17},"end":{"line":7,"column":55}},"1":{"start":{"line":8,"column":19},"end":{"line":9,"column":29}},"2":{"start":{"line":16,"column":4},"end":{"line":16,"column":21}},"3":{"start":{"line":17,"column":4},"end":{"line":17,"column":23}},"4":{"start":{"line":23,"column":4},"end":{"line":23,"column":43}},"5":{"start":{"line":32,"column":17},"end":{"line":32,"column":27}},"6":{"start":{"line":34,"column":4},"end":{"line":42,"column":5}},"7":{"start":{"line":35,"column":6},"end":{"line":35,"column":17}},"8":{"start":{"line":36,"column":11},"end":{"line":42,"column":5}},"9":{"start":{"line":37,"column":6},"end":{"line":37,"column":18}},"10":{"start":{"line":38,"column":11},"end":{"line":42,"column":5}},"11":{"start":{"line":39,"column":6},"end":{"line":39,"column":18}},"12":{"start":{"line":40,"column":11},"end":{"line":42,"column":5}},"13":{"start":{"line":41,"column":6},"end":{"line":41,"column":18}},"14":{"start":{"line":44,"column":4},"end":{"line":44,"column":46}},"15":{"start":{"line":59,"column":4},"end":{"line":59,"column":21}},"16":{"start":{"line":60,"column":4},"end":{"line":65,"column":5}},"17":{"start":{"line":61,"column":6},"end":{"line":64,"column":7}},"18":{"start":{"line":62,"column":22},"end":{"line":62,"column":44}},"19":{"start":{"line":63,"column":8},"end":{"line":63,"column":32}},"20":{"start":{"line":72,"column":4},"end":{"line":72,"column":48}},"21":{"start":{"line":72,"column":27},"end":{"line":72,"column":46}},"22":{"start":{"line":82,"column":4},"end":{"line":82,"column":42}},"23":{"start":{"line":83,"column":18},"end":{"line":83,"column":42}},"24":{"start":{"line":84,"column":4},"end":{"line":84,"column":17}},"25":{"start":{"line":106,"column":4},"end":{"line":106,"column":19}},"26":{"start":{"line":107,"column":4},"end":{"line":107,"column":25}},"27":{"start":{"line":108,"column":4},"end":{"line":108,"column":24}},"28":{"start":{"line":109,"column":4},"end":{"line":109,"column":19}},"29":{"start":{"line":110,"column":4},"end":{"line":110,"column":28}},"30":{"start":{"line":111,"column":4},"end":{"line":111,"column":25}},"31":{"start":{"line":112,"column":4},"end":{"line":112,"column":19}},"32":{"start":{"line":120,"column":18},"end":{"line":120,"column":56}},"33":{"start":{"line":121,"column":4},"end":{"line":121,"column":26}},"34":{"start":{"line":122,"column":4},"end":{"line":122,"column":23}},"35":{"start":{"line":130,"column":17},"end":{"line":130,"column":18}},"36":{"start":{"line":131,"column":4},"end":{"line":139,"column":5}},"37":{"start":{"line":132,"column":6},"end":{"line":138,"column":7}},"38":{"start":{"line":133,"column":8},"end":{"line":133,"column":20}},"39":{"start":{"line":134,"column":13},"end":{"line":138,"column":7}},"40":{"start":{"line":135,"column":8},"end":{"line":135,"column":22}},"41":{"start":{"line":137,"column":8},"end":{"line":137,"column":40}},"42":{"start":{"line":140,"column":4},"end":{"line":140,"column":29}},"43":{"start":{"line":141,"column":4},"end":{"line":141,"column":27}},"44":{"start":{"line":149,"column":4},"end":{"line":149,"column":24}},"45":{"start":{"line":150,"column":4},"end":{"line":150,"column":19}},"46":{"start":{"line":151,"column":4},"end":{"line":151,"column":28}},"47":{"start":{"line":152,"column":4},"end":{"line":152,"column":25}}},"fnMap":{"0":{"name":"(anonymous_0)","decl":{"start":{"line":15,"column":2},"end":{"line":15,"column":3}},"loc":{"start":{"line":15,"column":27},"end":{"line":18,"column":3}},"line":15},"1":{"name":"(anonymous_1)","decl":{"start":{"line":22,"column":2},"end":{"line":22,"column":3}},"loc":{"start":{"line":22,"column":15},"end":{"line":24,"column":3}},"line":22},"2":{"name":"(anonymous_2)","decl":{"start":{"line":31,"column":2},"end":{"line":31,"column":3}},"loc":{"start":{"line":31,"column":19},"end":{"line":45,"column":3}},"line":31},"3":{"name":"(anonymous_3)","decl":{"start":{"line":58,"column":2},"end":{"line":58,"column":3}},"loc":{"start":{"line":58,"column":16},"end":{"line":66,"column":3}},"line":58},"4":{"name":"(anonymous_4)","decl":{"start":{"line":71,"column":2},"end":{"line":71,"column":3}},"loc":{"start":{"line":71,"column":12},"end":{"line":73,"column":3}},"line":71},"5":{"name":"(anonymous_5)","decl":{"start":{"line":72,"column":21},"end":{"line":72,"column":22}},"loc":{"start":{"line":72,"column":27},"end":{"line":72,"column":46}},"line":72},"6":{"name":"(anonymous_6)","decl":{"start":{"line":81,"column":2},"end":{"line":81,"column":3}},"loc":{"start":{"line":81,"column":26},"end":{"line":85,"column":3}},"line":81},"7":{"name":"(anonymous_7)","decl":{"start":{"line":105,"column":2},"end":{"line":105,"column":3}},"loc":{"start":{"line":105,"column":26},"end":{"line":113,"column":3}},"line":105},"8":{"name":"(anonymous_8)","decl":{"start":{"line":119,"column":2},"end":{"line":119,"column":3}},"loc":{"start":{"line":119,"column":31},"end":{"line":123,"column":3}},"line":119},"9":{"name":"(anonymous_9)","decl":{"start":{"line":129,"column":2},"end":{"line":129,"column":3}},"loc":{"start":{"line":129,"column":22},"end":{"line":142,"column":3}},"line":129},"10":{"name":"(anonymous_10)","decl":{"start":{"line":148,"column":2},"end":{"line":148,"column":3}},"loc":{"start":{"line":148,"column":11},"end":{"line":153,"column":3}},"line":148}},"branchMap":{"0":{"loc":{"start":{"line":34,"column":4},"end":{"line":42,"column":5}},"type":"if","locations":[{"start":{"line":34,"column":4},"end":{"line":42,"column":5}},{"start":{"line":36,"column":11},"end":{"line":42,"column":5}}],"line":34},"1":{"loc":{"start":{"line":36,"column":11},"end":{"line":42,"column":5}},"type":"if","locations":[{"start":{"line":36,"column":11},"end":{"line":42,"column":5}},{"start":{"line":38,"column":11},"end":{"line":42,"column":5}}],"line":36},"2":{"loc":{"start":{"line":38,"column":11},"end":{"line":42,"column":5}},"type":"if","locations":[{"start":{"line":38,"column":11},"end":{"line":42,"column":5}},{"start":{"line":40,"column":11},"end":{"line":42,"column":5}}],"line":38},"3":{"loc":{"start":{"line":40,"column":11},"end":{"line":42,"column":5}},"type":"if","locations":[{"start":{"line":40,"column":11},"end":{"line":42,"column":5}},{"start":{},"end":{}}],"line":40},"4":{"loc":{"start":{"line":132,"column":6},"end":{"line":138,"column":7}},"type":"if","locations":[{"start":{"line":132,"column":6},"end":{"line":138,"column":7}},{"start":{"line":134,"column":13},"end":{"line":138,"column":7}}],"line":132},"5":{"loc":{"start":{"line":134,"column":13},"end":{"line":138,"column":7}},"type":"if","locations":[{"start":{"line":134,"column":13},"end":{"line":138,"column":7}},{"start":{"line":136,"column":13},"end":{"line":138,"column":7}}],"line":134}},"s":{"0":1,"1":1,"2":363,"3":363,"4":1,"5":2,"6":2,"7":1,"8":1,"9":0,"10":1,"11":0,"12":1,"13":0,"14":2,"15":9,"16":9,"17":36,"18":360,"19":360,"20":1,"21":156,"22":3,"23":3,"24":3,"25":6,"26":6,"27":6,"28":6,"29":6,"30":6,"31":6,"32":2,"33":2,"34":2,"35":2,"36":2,"37":6,"38":1,"39":5,"40":2,"41":3,"42":2,"43":2,"44":1,"45":1,"46":1,"47":1},"f":{"0":363,"1":1,"2":2,"3":9,"4":1,"5":156,"6":3,"7":6,"8":2,"9":2,"10":1},"b":{"0":[1,1],"1":[0,1],"2":[0,1],"3":[0,1],"4":[1,5],"5":[2,3]},"_coverageSchema":"1a1c01bbd47fc00a2c39e90264f33305004495a9","hash":"29d07156bac5226617c10dd5db3cf2866a89f843"}
}
