TN:
SF:class.js
FN:15,(anonymous_0)
FN:22,(anonymous_1)
FN:31,(anonymous_2)
FN:58,(anonymous_3)
FN:71,(anonymous_4)
FN:72,(anonymous_5)
FN:81,(anonymous_6)
FN:105,(anonymous_7)
FN:119,(anonymous_8)
FN:129,(anonymous_9)
FN:148,(anonymous_10)
FNF:11
FNH:11
FNDA:363,(anonymous_0)
FNDA:1,(anonymous_1)
FNDA:2,(anonymous_2)
FNDA:9,(anonymous_3)
FNDA:1,(anonymous_4)
FNDA:156,(anonymous_5)
FNDA:3,(anonymous_6)
FNDA:6,(anonymous_7)
FNDA:2,(anonymous_8)
FNDA:2,(anonymous_9)
FNDA:1,(anonymous_10)
DA:7,1
DA:8,1
DA:16,363
DA:17,363
DA:23,1
DA:32,2
DA:34,2
DA:35,1
DA:36,1
DA:37,0
DA:38,1
DA:39,0
DA:40,1
DA:41,0
DA:44,2
DA:59,9
DA:60,9
DA:61,36
DA:62,360
DA:63,360
DA:72,156
DA:82,3
DA:83,3
DA:84,3
DA:106,6
DA:107,6
DA:108,6
DA:109,6
DA:110,6
DA:111,6
DA:112,6
DA:120,2
DA:121,2
DA:122,2
DA:130,2
DA:131,2
DA:132,6
DA:133,1
DA:134,5
DA:135,2
DA:137,3
DA:140,2
DA:141,2
DA:149,1
DA:150,1
DA:151,1
DA:152,1
LF:47
LH:44
BRDA:34,0,0,1
BRDA:34,0,1,1
BRDA:36,1,0,0
BRDA:36,1,1,1
BRDA:38,2,0,0
BRDA:38,2,1,1
BRDA:40,3,0,0
BRDA:40,3,1,1
BRDA:132,4,0,1
BRDA:132,4,1,5
BRDA:134,5,0,2
BRDA:134,5,1,3
BRF:12
BRH:9
end_of_record
